<?xml version="1.0" encoding="UTF-8"?>
<!-- Generated by org.testng.reporters.JUnitXMLReporter -->
<testsuite ignored="2" hostname="prashanths-Air.Dlink" failures="0" tests="0" time="0.007" errors="0" timestamp="2021-05-01T01:32:42 IST">
  <testcase classname="Academy.validateTitle" name="validateHeader" time="0.0">
    <ignored/>
  </testcase> <!-- validateHeader -->
  <testcase classname="Academy.validateTitle" name="validateAppTitle" time="0.0">
    <ignored/>
  </testcase> <!-- validateAppTitle -->
</testsuite>
